<?xml version="1.0" encoding="UTF-8"?>
<Site BuildName="(empty)"
	BuildStamp="20250904-1926-Experimental"
	Name="(empty)"
	Generator="ctest-4.1.1"
	CompilerName=""
	CompilerVersion=""
	OSName="Windows"
	Hostname="Emmaputer"
	OSRelease=" Professional"
	OSVersion=" (Build 26100)"
	OSPlatform="AMD64"
	Is64Bits="1"
	VendorString="GenuineIntel"
	VendorID="Intel Corporation"
	FamilyID="6"
	ModelID="10"
	ModelName=""
	ProcessorCacheSize="-1"
	NumberOfLogicalCPU="20"
	NumberOfPhysicalCPU="14"
	TotalVirtualMemory="34487"
	TotalPhysicalMemory="32439"
	LogicalProcessorsPerPhysical="1"
	ProcessorClockFrequency="2400"
	>
	<Testing>
		<StartDateTime>Sep 04 15:32 Eastern Daylight Time</StartDateTime>
		<StartTestTime>1757014353</StartTestTime>
		<TestList/>
		<EndDateTime>Sep 04 15:32 Eastern Daylight Time</EndDateTime>
		<EndTestTime>1757014353</EndTestTime>
		<ElapsedMinutes>0</ElapsedMinutes>
	</Testing>
</Site>
